nohup: ignoring input

  .   ____          _            __ _ _
 /\\ / ___'_ __ _ _(_)_ __  __ _ \ \ \ \
( ( )\___ | '_ | '_| | '_ \/ _` | \ \ \ \
 \\/  ___)| |_)| | | | | || (_| |  ) ) ) )
  '  |____| .__|_| |_|_| |_\__, | / / / /
 =========|_|==============|___/=/_/_/_/

 :: Spring Boot ::                (v3.3.1)

2025-10-21T03:16:05.256Z  INFO 204478 --- [           main] com.streamlite.StreamliteApplication     : Starting StreamliteApplication v1.0.0 using Java 17.0.16 with PID 204478 (/home/chatbotuser/streamlite/streamlite/target/streamlite-1.0.0.jar started by chatbotuser in /home/chatbotuser/streamlite/streamlite)
2025-10-21T03:16:05.305Z  INFO 204478 --- [           main] com.streamlite.StreamliteApplication     : No active profile set, falling back to 1 default profile: "default"
2025-10-21T03:16:15.488Z  INFO 204478 --- [           main] o.s.b.w.embedded.tomcat.TomcatWebServer  : Tomcat initialized with port 8081 (http)
2025-10-21T03:16:15.585Z  INFO 204478 --- [           main] o.apache.catalina.core.StandardService   : Starting service [Tomcat]
2025-10-21T03:16:15.586Z  INFO 204478 --- [           main] o.apache.catalina.core.StandardEngine    : Starting Servlet engine: [Apache Tomcat/10.1.25]
2025-10-21T03:16:15.938Z  INFO 204478 --- [           main] o.a.c.c.C.[Tomcat].[localhost].[/]       : Initializing Spring embedded WebApplicationContext
2025-10-21T03:16:15.977Z  INFO 204478 --- [           main] w.s.c.ServletWebServerApplicationContext : Root WebApplicationContext: initialization completed in 9844 ms
2025-10-21T03:16:18.999Z  WARN 204478 --- [           main] ion$DefaultTemplateResolverConfiguration : Cannot find template location: classpath:/templates/ (please add some templates, check your Thymeleaf configuration, or set spring.thymeleaf.check-template-location=false)
2025-10-21T03:16:19.488Z  INFO 204478 --- [           main] o.s.b.w.embedded.tomcat.TomcatWebServer  : Tomcat started on port 8081 (http) with context path '/'
2025-10-21T03:16:19.627Z  INFO 204478 --- [           main] com.streamlite.StreamliteApplication     : Started StreamliteApplication in 18.413 seconds (process running for 22.043)
2025-10-21T03:16:58.633Z  INFO 204478 --- [nio-8081-exec-1] o.a.c.c.C.[Tomcat].[localhost].[/]       : Initializing Spring DispatcherServlet 'dispatcherServlet'
2025-10-21T03:16:58.633Z  INFO 204478 --- [nio-8081-exec-1] o.s.web.servlet.DispatcherServlet        : Initializing Servlet 'dispatcherServlet'
2025-10-21T03:16:58.635Z  INFO 204478 --- [nio-8081-exec-1] o.s.web.servlet.DispatcherServlet        : Completed initialization in 2 ms
